<?xml version="1.0" encoding="UTF-8"?>
<testsuite name="com.keyworld.projectboard.KeyWorldProjectBoardApplicationTest" tests="1" skipped="0" failures="0" errors="0" timestamp="2022-12-29T14:14:46" hostname="Kimui-MacBookAir.local" time="0.074">
  <properties/>
  <testcase name="contextLoads()" classname="com.keyworld.projectboard.KeyWorldProjectBoardApplicationTest" time="0.074"/>
  <system-out><![CDATA[23:14:42.402 [Test worker] DEBUG org.springframework.test.context.BootstrapUtils - Instantiating CacheAwareContextLoaderDelegate from class [org.springframework.test.context.cache.DefaultCacheAwareContextLoaderDelegate]
23:14:42.408 [Test worker] DEBUG org.springframework.test.context.BootstrapUtils - Instantiating BootstrapContext using constructor [public org.springframework.test.context.support.DefaultBootstrapContext(java.lang.Class,org.springframework.test.context.CacheAwareContextLoaderDelegate)]
23:14:42.428 [Test worker] DEBUG org.springframework.test.context.BootstrapUtils - Instantiating TestContextBootstrapper for test class [com.keyworld.projectboard.KeyWorldProjectBoardApplicationTest] from class [org.springframework.boot.test.context.SpringBootTestContextBootstrapper]
23:14:42.434 [Test worker] INFO org.springframework.boot.test.context.SpringBootTestContextBootstrapper - Neither @ContextConfiguration nor @ContextHierarchy found for test class [com.keyworld.projectboard.KeyWorldProjectBoardApplicationTest], using SpringBootContextLoader
23:14:42.436 [Test worker] DEBUG org.springframework.test.context.support.AbstractContextLoader - Did not detect default resource location for test class [com.keyworld.projectboard.KeyWorldProjectBoardApplicationTest]: class path resource [com/keyworld/projectboard/KeyWorldProjectBoardApplicationTest-context.xml] does not exist
23:14:42.437 [Test worker] DEBUG org.springframework.test.context.support.AbstractContextLoader - Did not detect default resource location for test class [com.keyworld.projectboard.KeyWorldProjectBoardApplicationTest]: class path resource [com/keyworld/projectboard/KeyWorldProjectBoardApplicationTestContext.groovy] does not exist
23:14:42.437 [Test worker] INFO org.springframework.test.context.support.AbstractContextLoader - Could not detect default resource locations for test class [com.keyworld.projectboard.KeyWorldProjectBoardApplicationTest]: no resource found for suffixes {-context.xml, Context.groovy}.
23:14:42.437 [Test worker] INFO org.springframework.test.context.support.AnnotationConfigContextLoaderUtils - Could not detect default configuration classes for test class [com.keyworld.projectboard.KeyWorldProjectBoardApplicationTest]: KeyWorldProjectBoardApplicationTest does not declare any static, non-private, non-final, nested classes annotated with @Configuration.
23:14:42.492 [Test worker] DEBUG org.springframework.context.annotation.ClassPathScanningCandidateComponentProvider - Identified candidate component class: file [/Users/kimtheo/Documents/GitHub/KeyWorld/build/classes/java/main/com/keyworld/projectboard/KeyWorldProjectBoardApplication.class]
23:14:42.493 [Test worker] INFO org.springframework.boot.test.context.SpringBootTestContextBootstrapper - Found @SpringBootConfiguration com.keyworld.projectboard.KeyWorldProjectBoardApplication for test class com.keyworld.projectboard.KeyWorldProjectBoardApplicationTest
23:14:42.545 [Test worker] DEBUG org.springframework.boot.test.context.SpringBootTestContextBootstrapper - @TestExecutionListeners is not present for class [com.keyworld.projectboard.KeyWorldProjectBoardApplicationTest]: using defaults.
23:14:42.546 [Test worker] INFO org.springframework.boot.test.context.SpringBootTestContextBootstrapper - Loaded default TestExecutionListener class names from location [META-INF/spring.factories]: [org.springframework.security.test.context.support.WithSecurityContextTestExecutionListener, org.springframework.security.test.context.support.ReactorContextTestExecutionListener, org.springframework.boot.test.autoconfigure.restdocs.RestDocsTestExecutionListener, org.springframework.boot.test.autoconfigure.web.client.MockRestServiceServerResetTestExecutionListener, org.springframework.boot.test.autoconfigure.web.servlet.MockMvcPrintOnlyOnFailureTestExecutionListener, org.springframework.boot.test.autoconfigure.web.servlet.WebDriverTestExecutionListener, org.springframework.boot.test.autoconfigure.webservices.client.MockWebServiceServerTestExecutionListener, org.springframework.boot.test.mock.mockito.MockitoTestExecutionListener, org.springframework.boot.test.mock.mockito.ResetMocksTestExecutionListener, org.springframework.test.context.web.ServletTestExecutionListener, org.springframework.test.context.support.DirtiesContextBeforeModesTestExecutionListener, org.springframework.test.context.event.ApplicationEventsTestExecutionListener, org.springframework.test.context.support.DependencyInjectionTestExecutionListener, org.springframework.test.context.support.DirtiesContextTestExecutionListener, org.springframework.test.context.transaction.TransactionalTestExecutionListener, org.springframework.test.context.jdbc.SqlScriptsTestExecutionListener, org.springframework.test.context.event.EventPublishingTestExecutionListener]
23:14:42.567 [Test worker] INFO org.springframework.boot.test.context.SpringBootTestContextBootstrapper - Using TestExecutionListeners: [org.springframework.test.context.web.ServletTestExecutionListener@109f5dd8, org.springframework.test.context.support.DirtiesContextBeforeModesTestExecutionListener@67fe380b, org.springframework.test.context.event.ApplicationEventsTestExecutionListener@4a325eb9, org.springframework.boot.test.mock.mockito.MockitoTestExecutionListener@3dedb4a6, org.springframework.boot.test.autoconfigure.SpringBootDependencyInjectionTestExecutionListener@57f64f5e, org.springframework.test.context.support.DirtiesContextTestExecutionListener@415e0bcb, org.springframework.test.context.transaction.TransactionalTestExecutionListener@194152cf, org.springframework.test.context.jdbc.SqlScriptsTestExecutionListener@49d98dc5, org.springframework.security.test.context.support.WithSecurityContextTestExecutionListener@2c30b71f, org.springframework.test.context.event.EventPublishingTestExecutionListener@1d81e101, org.springframework.security.test.context.support.ReactorContextTestExecutionListener@ec50f54, org.springframework.boot.test.autoconfigure.restdocs.RestDocsTestExecutionListener@bf71cec, org.springframework.boot.test.autoconfigure.web.client.MockRestServiceServerResetTestExecutionListener@22d6cac2, org.springframework.boot.test.autoconfigure.web.servlet.MockMvcPrintOnlyOnFailureTestExecutionListener@30cdae70, org.springframework.boot.test.autoconfigure.web.servlet.WebDriverTestExecutionListener@1654a892, org.springframework.boot.test.autoconfigure.webservices.client.MockWebServiceServerTestExecutionListener@2577d6c8, org.springframework.boot.test.mock.mockito.ResetMocksTestExecutionListener@3163987e]
23:14:42.569 [Test worker] DEBUG org.springframework.test.context.support.AbstractDirtiesContextTestExecutionListener - Before test class: context [DefaultTestContext@47dd778 testClass = KeyWorldProjectBoardApplicationTest, testInstance = [null], testMethod = [null], testException = [null], mergedContextConfiguration = [WebMergedContextConfiguration@15515c51 testClass = KeyWorldProjectBoardApplicationTest, locations = '{}', classes = '{class com.keyworld.projectboard.KeyWorldProjectBoardApplication}', contextInitializerClasses = '[]', activeProfiles = '{test}', propertySourceLocations = '{}', propertySourceProperties = '{org.springframework.boot.test.context.SpringBootTestContextBootstrapper=true}', contextCustomizers = set[org.springframework.boot.test.autoconfigure.actuate.metrics.MetricsExportContextCustomizerFactory$DisableMetricExportContextCustomizer@625e134e, org.springframework.boot.test.autoconfigure.properties.PropertyMappingContextCustomizer@0, org.springframework.boot.test.autoconfigure.web.servlet.WebDriverContextCustomizerFactory$Customizer@52500920, org.springframework.boot.test.context.filter.ExcludeFilterContextCustomizer@78aea4b9, org.springframework.boot.test.json.DuplicateJsonObjectContextCustomizerFactory$DuplicateJsonObjectContextCustomizer@452ba1db, org.springframework.boot.test.mock.mockito.MockitoContextCustomizer@0, org.springframework.boot.test.web.client.TestRestTemplateContextCustomizer@4204541c, org.springframework.boot.test.context.SpringBootTestArgs@1, org.springframework.boot.test.context.SpringBootTestWebEnvironment@479cbee5], resourceBasePath = 'src/main/webapp', contextLoader = 'org.springframework.boot.test.context.SpringBootContextLoader', parent = [null]], attributes = map['org.springframework.test.context.web.ServletTestExecutionListener.activateListener' -> true]], class annotated with @DirtiesContext [false] with mode [null].

  .   ____          _            __ _ _
 /\\ / ___'_ __ _ _(_)_ __  __ _ \ \ \ \
( ( )\___ | '_ | '_| | '_ \/ _` | \ \ \ \
 \\/  ___)| |_)| | | | | || (_| |  ) ) ) )
  '  |____| .__|_| |_|_| |_\__, | / / / /
 =========|_|==============|___/=/_/_/_/
 :: Spring Boot ::                (v2.7.0)

2022-12-29 23:14:42.801  INFO 68088 --- [    Test worker] .k.p.KeyWorldProjectBoardApplicationTest : Starting KeyWorldProjectBoardApplicationTest using Java 17.0.5 on Kimui-MacBookAir.local with PID 68088 (started by kimtheo in /Users/kimtheo/Documents/GitHub/KeyWorld)
2022-12-29 23:14:42.803 DEBUG 68088 --- [    Test worker] .k.p.KeyWorldProjectBoardApplicationTest : Running with Spring Boot v2.7.0, Spring v5.3.20
2022-12-29 23:14:42.803  INFO 68088 --- [    Test worker] .k.p.KeyWorldProjectBoardApplicationTest : The following 1 profile is active: "test"
2022-12-29 23:14:43.307  INFO 68088 --- [    Test worker] .s.d.r.c.RepositoryConfigurationDelegate : Bootstrapping Spring Data JPA repositories in DEFAULT mode.
2022-12-29 23:14:43.339  INFO 68088 --- [    Test worker] .s.d.r.c.RepositoryConfigurationDelegate : Finished Spring Data repository scanning in 29 ms. Found 4 JPA repository interfaces.
2022-12-29 23:14:43.611  INFO 68088 --- [    Test worker] o.hibernate.jpa.internal.util.LogHelper  : HHH000204: Processing PersistenceUnitInfo [name: default]
2022-12-29 23:14:43.632  INFO 68088 --- [    Test worker] org.hibernate.Version                    : HHH000412: Hibernate ORM core version 5.6.9.Final
2022-12-29 23:14:43.699  INFO 68088 --- [    Test worker] o.hibernate.annotations.common.Version   : HCANN000001: Hibernate Commons Annotations {5.1.2.Final}
2022-12-29 23:14:43.740  INFO 68088 --- [    Test worker] com.zaxxer.hikari.HikariDataSource       : HikariPool-1 - Starting...
2022-12-29 23:14:43.822  INFO 68088 --- [    Test worker] com.zaxxer.hikari.HikariDataSource       : HikariPool-1 - Start completed.
2022-12-29 23:14:43.837  INFO 68088 --- [    Test worker] org.hibernate.dialect.Dialect            : HHH000400: Using dialect: org.hibernate.dialect.H2Dialect
Hibernate: 
    
    drop table if exists article CASCADE 
Hibernate: 
    
    drop table if exists article_hashtag CASCADE 
Hibernate: 
    
    drop table if exists article_comment CASCADE 
Hibernate: 
    
    drop table if exists hashtag CASCADE 
Hibernate: 
    
    drop table if exists user_account CASCADE 
Hibernate: 
    
    create table article (
       id bigint generated by default as identity,
        created_at timestamp not null,
        created_by varchar(100) not null,
        modified_at timestamp not null,
        modified_by varchar(100) not null,
        content varchar(10000) not null,
        title varchar(255) not null,
        user_id varchar(50) not null,
        primary key (id)
    )
Hibernate: 
    
    create table article_hashtag (
       article_id bigint not null,
        hashtag_id bigint not null,
        primary key (article_id, hashtag_id)
    )
Hibernate: 
    
    create table article_comment (
       id bigint generated by default as identity,
        created_at timestamp not null,
        created_by varchar(100) not null,
        modified_at timestamp not null,
        modified_by varchar(100) not null,
        content varchar(500) not null,
        parent_comment_id bigint,
        article_id bigint not null,
        user_id varchar(50) not null,
        primary key (id)
    )
Hibernate: 
    
    create table hashtag (
       id bigint generated by default as identity,
        created_at timestamp not null,
        created_by varchar(100) not null,
        modified_at timestamp not null,
        modified_by varchar(100) not null,
        hashtag_name varchar(255) not null,
        primary key (id)
    )
Hibernate: 
    
    create table user_account (
       user_id varchar(50) not null,
        created_at timestamp not null,
        created_by varchar(100) not null,
        modified_at timestamp not null,
        modified_by varchar(100) not null,
        email varchar(100),
        memo varchar(255),
        nickname varchar(100),
        user_password varchar(255) not null,
        primary key (user_id)
    )
Hibernate: create index IDX571gx7oqo5xpmgocegaidlcu9 on article (title)
Hibernate: create index IDXrmt77yibijtk4sarremr67saa on article (created_at)
Hibernate: create index IDXjl4utii2etiocimt799wvtuvv on article (created_by)
Hibernate: create index IDXpieqqnljv147sefofs56h25qx on article_comment (content)
Hibernate: create index IDXh1jx107qecntcbcpc2vfb07ij on article_comment (created_at)
Hibernate: create index IDXc6pa61djuf2o8xnceyyvtdbaq on article_comment (created_by)
Hibernate: create index IDXqsw749049hk4qchgifri26i47 on hashtag (created_at)
Hibernate: create index IDX86k52tgc32cdprjluy33m0k2d on hashtag (created_by)
Hibernate: 
    
    alter table hashtag 
       add constraint UKl5g14scs493ujoy0bh0slbp7a unique (hashtag_name)
Hibernate: create index IDXogja11wxoxigeh554wd4094xv on user_account (created_at)
Hibernate: create index IDX9twf822xbr2e0qcmnxueulgfw on user_account (created_by)
Hibernate: 
    
    alter table user_account 
       add constraint UKhl02wv5hym99ys465woijmfib unique (email)
Hibernate: 
    
    alter table article 
       add constraint FK81hjxo20c0so6pxe8rjpjlhj4 
       foreign key (user_id) 
       references user_account
Hibernate: 
    
    alter table article_hashtag 
       add constraint FKe3ccvxb3rjbjyugsttrkpabma 
       foreign key (hashtag_id) 
       references hashtag
Hibernate: 
    
    alter table article_hashtag 
       add constraint FK4adimje6fx9kut67u6jd9c174 
       foreign key (article_id) 
       references article
Hibernate: 
    
    alter table article_comment 
       add constraint FKghmocqkgqs5tkmucf5putw64t 
       foreign key (article_id) 
       references article
Hibernate: 
    
    alter table article_comment 
       add constraint FK67dybe2dob8uvrr7fyicyb1no 
       foreign key (user_id) 
       references user_account
2022-12-29 23:14:44.154  INFO 68088 --- [    Test worker] o.h.e.t.j.p.i.JtaPlatformInitiator       : HHH000490: Using JtaPlatform implementation: [org.hibernate.engine.transaction.jta.platform.internal.NoJtaPlatform]
2022-12-29 23:14:44.158  INFO 68088 --- [    Test worker] j.LocalContainerEntityManagerFactoryBean : Initialized JPA EntityManagerFactory for persistence unit 'default'
2022-12-29 23:14:44.960  INFO 68088 --- [    Test worker] o.s.b.a.w.s.WelcomePageHandlerMapping    : Adding welcome page template: index
2022-12-29 23:14:44.997 DEBUG 68088 --- [    Test worker] s.w.s.m.m.a.RequestMappingHandlerMapping : 17 mappings in 'requestMappingHandlerMapping'
2022-12-29 23:14:45.634 DEBUG 68088 --- [    Test worker] o.s.w.s.handler.SimpleUrlHandlerMapping  : Patterns [/webjars/**, /**, /swagger-ui*/**, /api/explorer/**] in 'resourceHandlerMapping'
2022-12-29 23:14:45.823  INFO 68088 --- [    Test worker] o.s.b.a.e.web.EndpointLinksResolver      : Exposing 13 endpoint(s) beneath base path '/actuator'
2022-12-29 23:14:45.885  INFO 68088 --- [    Test worker] o.s.s.web.DefaultSecurityFilterChain     : Will secure any request with [org.springframework.security.web.session.DisableEncodeUrlFilter@2728e305, org.springframework.security.web.context.request.async.WebAsyncManagerIntegrationFilter@52813ba4, org.springframework.security.web.context.SecurityContextPersistenceFilter@2c64e2d0, org.springframework.security.web.header.HeaderWriterFilter@4c752425, org.springframework.security.web.csrf.CsrfFilter@1a18e18d, org.springframework.security.web.authentication.logout.LogoutFilter@12dab9a8, org.springframework.security.oauth2.client.web.OAuth2AuthorizationRequestRedirectFilter@1264dbc9, org.springframework.security.oauth2.client.web.OAuth2LoginAuthenticationFilter@5eb054, org.springframework.security.web.authentication.UsernamePasswordAuthenticationFilter@2c1ffb9, org.springframework.security.web.authentication.ui.DefaultLoginPageGeneratingFilter@45accb5, org.springframework.security.web.authentication.ui.DefaultLogoutPageGeneratingFilter@62291850, org.springframework.security.web.savedrequest.RequestCacheAwareFilter@3bc00359, org.springframework.security.web.servletapi.SecurityContextHolderAwareRequestFilter@3846ba32, org.springframework.security.web.authentication.AnonymousAuthenticationFilter@2518245b, org.springframework.security.web.session.SessionManagementFilter@3adf3670, org.springframework.security.web.access.ExceptionTranslationFilter@48ebcce5, org.springframework.security.web.access.intercept.AuthorizationFilter@428169d]
2022-12-29 23:14:45.992 DEBUG 68088 --- [    Test worker] s.w.s.m.m.a.RequestMappingHandlerAdapter : ControllerAdvice beans: 0 @ModelAttribute, 0 @InitBinder, 1 RequestBodyAdvice, 1 ResponseBodyAdvice
2022-12-29 23:14:46.012 DEBUG 68088 --- [    Test worker] .m.m.a.ExceptionHandlerExceptionResolver : ControllerAdvice beans: 2 @ExceptionHandler, 1 ResponseBodyAdvice
2022-12-29 23:14:46.364  INFO 68088 --- [    Test worker] .k.p.KeyWorldProjectBoardApplicationTest : Started KeyWorldProjectBoardApplicationTest in 3.762 seconds (JVM running for 4.605)
]]></system-out>
  <system-err><![CDATA[]]></system-err>
</testsuite>
